ProjectDir="C:\Dev\Alcinoe\demos\ALFirebaseMessagingDemo\_source" 
SDKAaptPath="C:\SDKs\android-sdk-windows\build-tools\25.0.3\aapt.exe" 
SDKApiLevelPath="C:\SDKs\android-sdk-windows\platforms\android-25\android.jar" 
JavaDxPath="C:\SDKs\android-sdk-windows\build-tools\25.0.3\dx.bat" 
JavaDxJarPath=C:\SDKs\android-sdk-windows\build-tools\25.0.3\lib\dx.jar 
JDKPath="C:\Program Files\Java\jdk1.8.0_131"\bin 
JDKPath1_7="C:\Program Files\Java\jdk1.7.0_80\bin" 
OutputPath=C:\Dev\Alcinoe\demos\ALFirebaseMessagingDemo\Android\Release\classes.dex 
APKPath=C:\Dev\Alcinoe\demos\ALFirebaseMessagingDemo\Android\Release\ALFirebaseMessagingDemo\bin\ALFirebaseMessagingDemo.apk 
 
Create R.java - com.google.android.gms 
"C:\SDKs\android-sdk-windows\build-tools\25.0.3\aapt.exe" package -f -m -M C:\Dev\Alcinoe\demos\ALFirebaseMessagingDemo\_source\android\libraries\com.google.android.gms\AndroidManifest.xml -I "C:\SDKs\android-sdk-windows\platforms\android-25\android.jar" -S "C:\Dev\Alcinoe\demos\ALFirebaseMessagingDemo\_source"\android\res -J "C:\Dev\Alcinoe\demos\ALFirebaseMessagingDemo\_source"\android\tmp\src --auto-add-overlay --output-text-symbols "C:\Dev\Alcinoe\demos\ALFirebaseMessagingDemo\_source"\android\ 
 
Compile R.java into R$ classes - com.google.android.gms 
"C:\Program Files\Java\jdk1.7.0_80\bin"\javac -d "C:\Dev\Alcinoe\demos\ALFirebaseMessagingDemo\_source"\android\tmp\obj "C:\Dev\Alcinoe\demos\ALFirebaseMessagingDemo\_source"\android\tmp\src\com\google\android\gms\*.java 
 
Create R.java - com.google.firebase.crash 
"C:\SDKs\android-sdk-windows\build-tools\25.0.3\aapt.exe" package -f -m -M C:\Dev\Alcinoe\demos\ALFirebaseMessagingDemo\_source\android\libraries\com.google.firebase.crash\AndroidManifest.xml -I "C:\SDKs\android-sdk-windows\platforms\android-25\android.jar" -S "C:\Dev\Alcinoe\demos\ALFirebaseMessagingDemo\_source"\android\res -J "C:\Dev\Alcinoe\demos\ALFirebaseMessagingDemo\_source"\android\tmp\src --auto-add-overlay --output-text-symbols "C:\Dev\Alcinoe\demos\ALFirebaseMessagingDemo\_source"\android\ 
 
Compile R.java into R$ classes - com.google.firebase.crash 
"C:\Program Files\Java\jdk1.7.0_80\bin"\javac -d "C:\Dev\Alcinoe\demos\ALFirebaseMessagingDemo\_source"\android\tmp\obj "C:\Dev\Alcinoe\demos\ALFirebaseMessagingDemo\_source"\android\tmp\src\com\google\firebase\crash\*.java 
 
Build a classes.dex that include the R$ classes 
call "C:\SDKs\android-sdk-windows\build-tools\25.0.3\dx.bat" --dex --output="C:\Dev\Alcinoe\demos\ALFirebaseMessagingDemo\_source"\android\tmp\classes.dex "C:\Dev\Alcinoe\demos\ALFirebaseMessagingDemo\_source"\android\tmp\obj 
 
Merge the classes.dex 
"C:\Program Files\Java\jdk1.8.0_131"\bin\java -cp C:\SDKs\android-sdk-windows\build-tools\25.0.3\lib\dx.jar com.android.dx.merge.DexMerger "C:\Dev\Alcinoe\demos\ALFirebaseMessagingDemo\_source"\android\tmp\final_classes.dex "C:\Dev\Alcinoe\demos\ALFirebaseMessagingDemo\_source"\android\tmp\classes.dex C:\Dev\Alcinoe\demos\ALFirebaseMessagingDemo\Android\Release\classes.dex 
Result compacted from 3541.5KiB to 2195.4KiB to save 1346.1KiB
Merged dex #1 (12 defs/3.0KiB)
Merged dex #2 (2050 defs/2852.9KiB)
Result is 2062 defs/2195.4KiB. Took 0.5s
 
Move the classes.dex 
        1 file(s) copied.
 
remove the tmp dir 
 
R.txt - You can compare against the output of: 
"C:\SDKs\android-sdk-windows\build-tools\25.0.3\aapt.exe" dump resources C:\Dev\Alcinoe\demos\ALFirebaseMessagingDemo\Android\Release\ALFirebaseMessagingDemo\bin\ALFirebaseMessagingDemo.apk 
 
int drawable notification_icon 0x7f020000
int integer google_play_services_version 0x7f050000
int mipmap ic_launcher 0x7f030000
int string common_google_play_services_unknown_issue 0x7f040007
int string default_web_client_id 0x7f040000
int string firebase_database_url 0x7f040001
int string gcm_defaultSenderId 0x7f040002
int string google_api_key 0x7f040003
int string google_app_id 0x7f040004
int string google_crash_reporting_api_key 0x7f040005
int string google_storage_bucket 0x7f040006
 
Finished 
